<?xml version="1.0" encoding="UTF-8"?>
<!-- Generated by org.testng.reporters.JUnitXMLReporter -->
<testsuite ignored="0" hostname="EC2AMAZ-8KL45D2" failures="0" tests="3" name="Default test" time="13.919" errors="0" timestamp="2024-10-10T04:13:40 UTC">
  <testcase classname="com.assaignments.Assignment6" name="login_to_app" time="7.781"/>
  <testcase classname="com.assaignments.Assignment6" name="delete" time="0.026"/>
  <testcase classname="com.assaignments.Assignment6" name="testCreateNotes" time="0.831"/>
</testsuite> <!-- Default test -->
