<?xml version="1.0" encoding="UTF-8"?>
<!-- Generated by org.testng.reporters.JUnitXMLReporter -->
<testsuite ignored="0" hostname="EC2AMAZ-8KL45D2" failures="0" tests="23" name="Test" time="34.738" errors="0" timestamp="2024-09-26T09:09:49 UTC">
  <testcase classname="com.WebOrder.WebOrder_Login_All_TCs_SwitchCase_Example" name="create_order" time="0.728"/>
  <testcase classname="com.WebOrder.WebOrder_Login_All_TCs_SwitchCase_Example" name="create_order" time="0.768"/>
  <testcase classname="com.WebOrder.HeadlessBrowser_Example" name="Firefox_Headless" time="5.392"/>
  <testcase classname="com.WebOrder.WebOrder_Login_All_TCs_SwitchCase_Example" name="create_order" time="0.583"/>
  <testcase classname="com.WebOrder.WebOrder_Login_All_TCs_Example" name="login_to_app" time="1.115"/>
  <testcase classname="com.WebOrder.WebOrder_Login_All_TCs_Example" name="login_to_app" time="0.394"/>
  <testcase classname="com.WebOrder.WebOrder_Login_All_TCs_Example" name="login_to_app" time="0.3"/>
  <testcase classname="com.WebOrder.WebOrder_Login_All_TCs_Example" name="login_to_app" time="0.327"/>
  <testcase classname="com.WebOrder.WebOrder_Login_All_TCs_Example" name="login_to_app" time="0.288"/>
  <testcase classname="com.WebOrder.WebOrder_Login_All_TCs_SwitchCase_Example" name="create_order" time="0.602"/>
  <testcase classname="com.WebOrder.WebOrder_Login_All_TCs_SwitchCase_Example" name="create_order" time="0.545"/>
  <testcase classname="com.WebOrder.WebOrder_Login_All_TCs_SwitchCase_Example" name="create_order" time="0.617"/>
  <testcase classname="com.WebOrder.WebOrder_Login" name="login" time="4.149"/>
  <testcase classname="com.WebOrder.WebOrder_Login" name="logout" time="0.458"/>
  <testcase classname="com.WebOrder.WebOrder_Login_All_TCs_SwitchCase_Example" name="create_order" time="0.496"/>
  <testcase classname="com.WebOrder.WebOrder_Login_All_TCs_SwitchCase_Example" name="create_order" time="0.49"/>
  <testcase classname="com.WebOrder.WebOrder_Login_All_TCs_SwitchCase_Example" name="create_order" time="0.481"/>
  <testcase classname="com.WebOrder.WebOrder_Login_All_TCs_SwitchCase_Example" name="create_order" time="0.489"/>
  <testcase classname="com.WebOrder.WebOrder_Login_All_TCs_SwitchCase_Example" name="create_order" time="0.528"/>
  <testcase classname="com.WebOrder.WebOrder_Login_All_TCs_SwitchCase_Example" name="create_order" time="0.386"/>
  <testcase classname="com.WebOrder.WebOrder_Login_All_TCs_SwitchCase_Example" name="create_order" time="0.365"/>
  <testcase classname="com.WebOrder.WebOrder_Login_All_TCs_SwitchCase_Example" name="create_order" time="0.366"/>
  <testcase classname="com.WebOrder.WebOrder_Login_All_TCs_SwitchCase_Example" name="create_order" time="0.426"/>
</testsuite> <!-- Test -->
