<?xml version="1.0" encoding="UTF-8"?>
<!-- Generated by org.testng.reporters.JUnitXMLReporter -->
<testsuite ignored="0" hostname="EC2AMAZ-8KL45D2" failures="0" tests="5" name="ChromeTest" time="6.617" errors="0" timestamp="2024-09-25T04:38:44 UTC">
  <testcase classname="com.WebOrder.CrossBrowser_DataProvider_Example" name="login_to_app" time="2.274"/>
  <testcase classname="com.WebOrder.CrossBrowser_DataProvider_Example" name="login_to_app" time="0.509"/>
  <testcase classname="com.WebOrder.CrossBrowser_DataProvider_Example" name="login_to_app" time="0.556"/>
  <testcase classname="com.WebOrder.CrossBrowser_DataProvider_Example" name="login_to_app" time="0.523"/>
  <testcase classname="com.WebOrder.CrossBrowser_DataProvider_Example" name="login_to_app" time="0.514"/>
</testsuite> <!-- ChromeTest -->
