<?xml version="1.0" encoding="UTF-8"?>
<!-- Generated by org.testng.reporters.JUnitXMLReporter -->
<testsuite ignored="0" hostname="EC2AMAZ-8KL45D2" failures="0" tests="5" name="EdgeTest" time="7.06" errors="0" timestamp="2024-09-25T04:38:56 UTC">
  <testcase classname="com.WebOrder.CrossBrowser_DataProvider_Example" name="login_to_app" time="1.868"/>
  <testcase classname="com.WebOrder.CrossBrowser_DataProvider_Example" name="login_to_app" time="0.488"/>
  <testcase classname="com.WebOrder.CrossBrowser_DataProvider_Example" name="login_to_app" time="0.571"/>
  <testcase classname="com.WebOrder.CrossBrowser_DataProvider_Example" name="login_to_app" time="0.487"/>
  <testcase classname="com.WebOrder.CrossBrowser_DataProvider_Example" name="login_to_app" time="0.526"/>
</testsuite> <!-- EdgeTest -->
