<?xml version="1.0" encoding="UTF-8"?>
<!-- Generated by org.testng.reporters.JUnitXMLReporter -->
<testsuite ignored="0" hostname="EC2AMAZ-8KL45D2" failures="0" tests="5" name="FirefoxTest" time="5.405" errors="0" timestamp="2024-09-25T04:38:49 UTC">
  <testcase classname="com.WebOrder.CrossBrowser_DataProvider_Example" name="login_to_app" time="1.506"/>
  <testcase classname="com.WebOrder.CrossBrowser_DataProvider_Example" name="login_to_app" time="0.138"/>
  <testcase classname="com.WebOrder.CrossBrowser_DataProvider_Example" name="login_to_app" time="0.15"/>
  <testcase classname="com.WebOrder.CrossBrowser_DataProvider_Example" name="login_to_app" time="0.146"/>
  <testcase classname="com.WebOrder.CrossBrowser_DataProvider_Example" name="login_to_app" time="0.136"/>
</testsuite> <!-- FirefoxTest -->
